<?xml version="1.0" encoding="UTF-8"?>
<!-- Generated by org.testng.reporters.JUnitReportReporter -->
<testsuite hostname="SHRUTI" failures="0" tests="3" name="Testing.Sample" time="0.033" errors="0" timestamp="2024-04-12T08:17:03 IST" skipped="0">
  <testcase classname="Testing.Sample" name="f" time="0.018"/>
  <system-out/>
  <testcase classname="Testing.Sample" name="testAddition" time="0.013"/>
  <system-out/>
  <testcase classname="Testing.Sample" name="testSubtraction" time="0.002"/>
  <system-out/>
</testsuite> <!-- Testing.Sample -->
